Using pre-set license
Built from '2020.3/release' branch; Version is '2020.3.15f2 (6cf78cb77498) revision 7141260'; Using compiler version '192528614'; Build Type 'Release'
OS: 'Windows 10 Pro; OS build 19042.1110; Version 2009; 64bit' Language: 'en' Physical Memory: 12175 MB
BatchMode: 1, IsHumanControllingUs: 0, StartBugReporterOnCrash: 0, Is64bit: 1, IsPro: 0

 COMMAND LINE ARGUMENTS:
C:\Program Files\Unity\Hub\Editor\2020.3.15f2\Editor\Unity.exe
-adb2
-batchMode
-noUpm
-name
AssetImportWorker0
-projectPath
F:/Game Projects/TC-2021/TC-2021
-logFile
Logs/AssetImportWorker0.log
-srvPort
55468
Successfully changed project path to: F:/Game Projects/TC-2021/TC-2021
F:/Game Projects/TC-2021/TC-2021
Using Asset Import Pipeline V2.
Refreshing native plugins compatible for Editor in 105.01 ms, found 2 plugins.
Preloading 0 native plugins for Editor in 0.00 ms.
Initialize engine version: 2020.3.15f2 (6cf78cb77498)
[Subsystems] Discovering subsystems at path C:/Program Files/Unity/Hub/Editor/2020.3.15f2/Editor/Data/Resources/UnitySubsystems
[Subsystems] Discovering subsystems at path F:/Game Projects/TC-2021/TC-2021/Assets
GfxDevice: creating device client; threaded=0
Direct3D:
    Version:  Direct3D 11.0 [level 11.1]
    Renderer: Radeon RX Vega (ID=0x687f)
    Vendor:   
    VRAM:     8120 MB
    Driver:   27.20.1034.6
Initialize mono
Mono path[0] = 'C:/Program Files/Unity/Hub/Editor/2020.3.15f2/Editor/Data/Managed'
Mono path[1] = 'C:/Program Files/Unity/Hub/Editor/2020.3.15f2/Editor/Data/MonoBleedingEdge/lib/mono/unityjit'
Mono config path = 'C:/Program Files/Unity/Hub/Editor/2020.3.15f2/Editor/Data/MonoBleedingEdge/etc'
Using monoOptions --debugger-agent=transport=dt_socket,embedding=1,server=y,suspend=n,address=127.0.0.1:56928
Begin MonoManager ReloadAssembly
Registering precompiled unity dll's ...
Register platform support module: C:/Program Files/Unity/Hub/Editor/2020.3.15f2/Editor/Data/PlaybackEngines/WindowsStandaloneSupport/UnityEditor.WindowsStandalone.Extensions.dll
Registered in 0.002534 seconds.
Native extension for WindowsStandalone target not found
Refreshing native plugins compatible for Editor in 115.87 ms, found 2 plugins.
Preloading 0 native plugins for Editor in 0.00 ms.
Mono: successfully reloaded assembly
- Completed reload, in  1.197 seconds
Domain Reload Profiling:
	ReloadAssembly (1198ms)
		BeginReloadAssembly (69ms)
			ExecutionOrderSort (0ms)
			DisableScriptedObjects (0ms)
			BackupInstance (0ms)
			ReleaseScriptingObjects (0ms)
			CreateAndSetChildDomain (1ms)
		EndReloadAssembly (537ms)
			LoadAssemblies (64ms)
			RebuildTransferFunctionScriptingTraits (0ms)
			SetupTypeCache (178ms)
			ReleaseScriptCaches (0ms)
			RebuildScriptCaches (34ms)
			SetupLoadedEditorAssemblies (248ms)
				LogAssemblyErrors (0ms)
				InitializePlatformSupportModulesInManaged (4ms)
				SetLoadedEditorAssemblies (0ms)
				RefreshPlugins (116ms)
				BeforeProcessingInitializeOnLoad (11ms)
				ProcessInitializeOnLoadAttributes (89ms)
				ProcessInitializeOnLoadMethodAttributes (28ms)
				AfterProcessingInitializeOnLoad (0ms)
				EditorAssembliesLoaded (0ms)
			ExecutionOrderSort2 (0ms)
			AwakeInstancesAfterBackupRestoration (0ms)
Platform modules already initialized, skipping
Registering precompiled user dll's ...
Registered in 0.006271 seconds.
Begin MonoManager ReloadAssembly
Native extension for WindowsStandalone target not found
Refreshing native plugins compatible for Editor in 1.03 ms, found 2 plugins.
Preloading 0 native plugins for Editor in 0.00 ms.
Mono: successfully reloaded assembly
- Completed reload, in  1.305 seconds
Domain Reload Profiling:
	ReloadAssembly (1306ms)
		BeginReloadAssembly (188ms)
			ExecutionOrderSort (0ms)
			DisableScriptedObjects (5ms)
			BackupInstance (0ms)
			ReleaseScriptingObjects (0ms)
			CreateAndSetChildDomain (20ms)
		EndReloadAssembly (1037ms)
			LoadAssemblies (112ms)
			RebuildTransferFunctionScriptingTraits (0ms)
			SetupTypeCache (331ms)
			ReleaseScriptCaches (0ms)
			RebuildScriptCaches (48ms)
			SetupLoadedEditorAssemblies (443ms)
				LogAssemblyErrors (0ms)
				InitializePlatformSupportModulesInManaged (9ms)
				SetLoadedEditorAssemblies (0ms)
				RefreshPlugins (1ms)
				BeforeProcessingInitializeOnLoad (104ms)
				ProcessInitializeOnLoadAttributes (315ms)
				ProcessInitializeOnLoadMethodAttributes (5ms)
				AfterProcessingInitializeOnLoad (8ms)
				EditorAssembliesLoaded (0ms)
			ExecutionOrderSort2 (0ms)
			AwakeInstancesAfterBackupRestoration (6ms)
Platform modules already initialized, skipping
========================================================================
Worker process is ready to serve import requests
Launched and connected shader compiler UnityShaderCompiler.exe after 0.08 seconds
Refreshing native plugins compatible for Editor in 1.40 ms, found 2 plugins.
Preloading 0 native plugins for Editor in 0.00 ms.
Unloading 1420 Unused Serialized files (Serialized files now loaded: 0)
System memory in use before: 71.7 MB.
System memory in use after: 71.8 MB.

Unloading 19 unused Assets to reduce memory usage. Loaded Objects now: 1859.
Total: 2.641000 ms (FindLiveObjects: 0.176600 ms CreateObjectMapping: 0.148000 ms MarkObjects: 2.152200 ms  DeleteObjects: 0.162800 ms)

AssetImportParameters requested are different than current active one (requested -> active):
  custom:framework-win-MediaFoundation: 216162199b28c13a410421893ffa2e32 -> 
  custom:video-decoder-ogg-theora: a1e56fd34408186e4bbccfd4996cb3dc -> 
  custom:container-muxer-webm: aa71ff27fc2769a1b78a27578f13a17b -> 
  custom:container-demuxer-webm: 4f35f7cbe854078d1ac9338744f61a02 -> 
  custom:container-demuxer-ogg: 62fdf1f143b41e24485cea50d1cbac27 -> 
  custom:video-encoder-webm-vp8: eb34c28f22e8b96e1ab97ce403110664 -> 
  custom:video-decoder-webm-vp8: 9c59270c3fd7afecdb556c50c9e8de78 -> 
  custom:audio-decoder-ogg-vorbis: bf7c407c2cedff20999df2af8eb42d56 -> 
  custom:audio-encoder-webm-vorbis: bf7c407c2cedff20999df2af8eb42d56 -> 
========================================================================
Received Import Request.
  path: Assets/Scripts/Backpack System/GlobalVariables.cs
  artifactKey: Guid(06d28fc88f17e294d883f66c506c2c97) Importer(815301076,1909f56bfc062723c751e8b465ee728b)
Start importing Assets/Scripts/Backpack System/GlobalVariables.cs using Guid(06d28fc88f17e294d883f66c506c2c97) Importer(815301076,1909f56bfc062723c751e8b465ee728b)  -> (artifact id: '4e048abf9691c579b0eecfc0aeb66f02') in 0.059191 seconds 
  Import took 0.063843 seconds .

========================================================================
Received Prepare
Registering precompiled user dll's ...
Registered in 0.005951 seconds.
Begin MonoManager ReloadAssembly
Native extension for WindowsStandalone target not found
Refreshing native plugins compatible for Editor in 1.22 ms, found 2 plugins.
Preloading 0 native plugins for Editor in 0.00 ms.
Mono: successfully reloaded assembly
- Completed reload, in  1.194 seconds
Domain Reload Profiling:
	ReloadAssembly (1195ms)
		BeginReloadAssembly (118ms)
			ExecutionOrderSort (0ms)
			DisableScriptedObjects (4ms)
			BackupInstance (0ms)
			ReleaseScriptingObjects (0ms)
			CreateAndSetChildDomain (32ms)
		EndReloadAssembly (1002ms)
			LoadAssemblies (99ms)
			RebuildTransferFunctionScriptingTraits (0ms)
			SetupTypeCache (315ms)
			ReleaseScriptCaches (1ms)
			RebuildScriptCaches (55ms)
			SetupLoadedEditorAssemblies (418ms)
				LogAssemblyErrors (0ms)
				InitializePlatformSupportModulesInManaged (6ms)
				SetLoadedEditorAssemblies (0ms)
				RefreshPlugins (1ms)
				BeforeProcessingInitializeOnLoad (119ms)
				ProcessInitializeOnLoadAttributes (276ms)
				ProcessInitializeOnLoadMethodAttributes (4ms)
				AfterProcessingInitializeOnLoad (11ms)
				EditorAssembliesLoaded (0ms)
			ExecutionOrderSort2 (0ms)
			AwakeInstancesAfterBackupRestoration (6ms)
Platform modules already initialized, skipping
Refreshing native plugins compatible for Editor in 1.10 ms, found 2 plugins.
Preloading 0 native plugins for Editor in 0.00 ms.
Unloading 1414 Unused Serialized files (Serialized files now loaded: 0)
System memory in use before: 71.6 MB.
System memory in use after: 71.6 MB.

Unloading 14 unused Assets to reduce memory usage. Loaded Objects now: 1862.
Total: 1.989900 ms (FindLiveObjects: 0.152300 ms CreateObjectMapping: 0.048200 ms MarkObjects: 1.735000 ms  DeleteObjects: 0.052900 ms)

AssetImportParameters requested are different than current active one (requested -> active):
  custom:framework-win-MediaFoundation: 216162199b28c13a410421893ffa2e32 -> 
  custom:video-decoder-ogg-theora: a1e56fd34408186e4bbccfd4996cb3dc -> 
  custom:container-muxer-webm: aa71ff27fc2769a1b78a27578f13a17b -> 
  custom:container-demuxer-webm: 4f35f7cbe854078d1ac9338744f61a02 -> 
  custom:container-demuxer-ogg: 62fdf1f143b41e24485cea50d1cbac27 -> 
  custom:video-encoder-webm-vp8: eb34c28f22e8b96e1ab97ce403110664 -> 
  custom:video-decoder-webm-vp8: 9c59270c3fd7afecdb556c50c9e8de78 -> 
  custom:audio-decoder-ogg-vorbis: bf7c407c2cedff20999df2af8eb42d56 -> 
  custom:audio-encoder-webm-vorbis: bf7c407c2cedff20999df2af8eb42d56 -> 
========================================================================
Received Prepare
Registering precompiled user dll's ...
Registered in 0.006705 seconds.
Begin MonoManager ReloadAssembly
Native extension for WindowsStandalone target not found
Refreshing native plugins compatible for Editor in 1.21 ms, found 2 plugins.
Preloading 0 native plugins for Editor in 0.00 ms.
Mono: successfully reloaded assembly
- Completed reload, in  1.384 seconds
Domain Reload Profiling:
	ReloadAssembly (1385ms)
		BeginReloadAssembly (115ms)
			ExecutionOrderSort (0ms)
			DisableScriptedObjects (5ms)
			BackupInstance (0ms)
			ReleaseScriptingObjects (0ms)
			CreateAndSetChildDomain (35ms)
		EndReloadAssembly (1196ms)
			LoadAssemblies (93ms)
			RebuildTransferFunctionScriptingTraits (0ms)
			SetupTypeCache (305ms)
			ReleaseScriptCaches (1ms)
			RebuildScriptCaches (46ms)
			SetupLoadedEditorAssemblies (578ms)
				LogAssemblyErrors (0ms)
				InitializePlatformSupportModulesInManaged (6ms)
				SetLoadedEditorAssemblies (0ms)
				RefreshPlugins (1ms)
				BeforeProcessingInitializeOnLoad (108ms)
				ProcessInitializeOnLoadAttributes (451ms)
				ProcessInitializeOnLoadMethodAttributes (4ms)
				AfterProcessingInitializeOnLoad (8ms)
				EditorAssembliesLoaded (0ms)
			ExecutionOrderSort2 (0ms)
			AwakeInstancesAfterBackupRestoration (6ms)
Platform modules already initialized, skipping
Refreshing native plugins compatible for Editor in 1.13 ms, found 2 plugins.
Preloading 0 native plugins for Editor in 0.00 ms.
Unloading 1414 Unused Serialized files (Serialized files now loaded: 0)
System memory in use before: 71.6 MB.
System memory in use after: 71.7 MB.

Unloading 14 unused Assets to reduce memory usage. Loaded Objects now: 1865.
Total: 7.901100 ms (FindLiveObjects: 0.182900 ms CreateObjectMapping: 0.053900 ms MarkObjects: 7.601600 ms  DeleteObjects: 0.061200 ms)

AssetImportParameters requested are different than current active one (requested -> active):
  custom:framework-win-MediaFoundation: 216162199b28c13a410421893ffa2e32 -> 
  custom:video-decoder-ogg-theora: a1e56fd34408186e4bbccfd4996cb3dc -> 
  custom:container-muxer-webm: aa71ff27fc2769a1b78a27578f13a17b -> 
  custom:container-demuxer-webm: 4f35f7cbe854078d1ac9338744f61a02 -> 
  custom:container-demuxer-ogg: 62fdf1f143b41e24485cea50d1cbac27 -> 
  custom:video-encoder-webm-vp8: eb34c28f22e8b96e1ab97ce403110664 -> 
  custom:video-decoder-webm-vp8: 9c59270c3fd7afecdb556c50c9e8de78 -> 
  custom:audio-decoder-ogg-vorbis: bf7c407c2cedff20999df2af8eb42d56 -> 
  custom:audio-encoder-webm-vorbis: bf7c407c2cedff20999df2af8eb42d56 -> 
========================================================================
Received Prepare
Registering precompiled user dll's ...
Registered in 0.007970 seconds.
Begin MonoManager ReloadAssembly
Native extension for WindowsStandalone target not found
Refreshing native plugins compatible for Editor in 1.18 ms, found 2 plugins.
Preloading 0 native plugins for Editor in 0.00 ms.
Mono: successfully reloaded assembly
- Completed reload, in  1.171 seconds
Domain Reload Profiling:
	ReloadAssembly (1171ms)
		BeginReloadAssembly (108ms)
			ExecutionOrderSort (0ms)
			DisableScriptedObjects (4ms)
			BackupInstance (0ms)
			ReleaseScriptingObjects (0ms)
			CreateAndSetChildDomain (33ms)
		EndReloadAssembly (991ms)
			LoadAssemblies (96ms)
			RebuildTransferFunctionScriptingTraits (0ms)
			SetupTypeCache (317ms)
			ReleaseScriptCaches (1ms)
			RebuildScriptCaches (51ms)
			SetupLoadedEditorAssemblies (426ms)
				LogAssemblyErrors (0ms)
				InitializePlatformSupportModulesInManaged (5ms)
				SetLoadedEditorAssemblies (0ms)
				RefreshPlugins (1ms)
				BeforeProcessingInitializeOnLoad (114ms)
				ProcessInitializeOnLoadAttributes (289ms)
				ProcessInitializeOnLoadMethodAttributes (4ms)
				AfterProcessingInitializeOnLoad (12ms)
				EditorAssembliesLoaded (0ms)
			ExecutionOrderSort2 (0ms)
			AwakeInstancesAfterBackupRestoration (6ms)
Platform modules already initialized, skipping
Refreshing native plugins compatible for Editor in 1.01 ms, found 2 plugins.
Preloading 0 native plugins for Editor in 0.00 ms.
Unloading 1414 Unused Serialized files (Serialized files now loaded: 0)
System memory in use before: 71.6 MB.
System memory in use after: 71.7 MB.

Unloading 14 unused Assets to reduce memory usage. Loaded Objects now: 1868.
Total: 3.205700 ms (FindLiveObjects: 0.542900 ms CreateObjectMapping: 0.165700 ms MarkObjects: 2.424100 ms  DeleteObjects: 0.071500 ms)

AssetImportParameters requested are different than current active one (requested -> active):
  custom:framework-win-MediaFoundation: 216162199b28c13a410421893ffa2e32 -> 
  custom:video-decoder-ogg-theora: a1e56fd34408186e4bbccfd4996cb3dc -> 
  custom:container-muxer-webm: aa71ff27fc2769a1b78a27578f13a17b -> 
  custom:container-demuxer-webm: 4f35f7cbe854078d1ac9338744f61a02 -> 
  custom:container-demuxer-ogg: 62fdf1f143b41e24485cea50d1cbac27 -> 
  custom:video-encoder-webm-vp8: eb34c28f22e8b96e1ab97ce403110664 -> 
  custom:video-decoder-webm-vp8: 9c59270c3fd7afecdb556c50c9e8de78 -> 
  custom:audio-decoder-ogg-vorbis: bf7c407c2cedff20999df2af8eb42d56 -> 
  custom:audio-encoder-webm-vorbis: bf7c407c2cedff20999df2af8eb42d56 -> 
========================================================================
Received Prepare
Registering precompiled user dll's ...
Registered in 0.007137 seconds.
Begin MonoManager ReloadAssembly
Native extension for WindowsStandalone target not found
Refreshing native plugins compatible for Editor in 1.30 ms, found 2 plugins.
Preloading 0 native plugins for Editor in 0.00 ms.
Mono: successfully reloaded assembly
- Completed reload, in  1.100 seconds
Domain Reload Profiling:
	ReloadAssembly (1101ms)
		BeginReloadAssembly (113ms)
			ExecutionOrderSort (0ms)
			DisableScriptedObjects (4ms)
			BackupInstance (0ms)
			ReleaseScriptingObjects (0ms)
			CreateAndSetChildDomain (33ms)
		EndReloadAssembly (915ms)
			LoadAssemblies (101ms)
			RebuildTransferFunctionScriptingTraits (0ms)
			SetupTypeCache (311ms)
			ReleaseScriptCaches (1ms)
			RebuildScriptCaches (43ms)
			SetupLoadedEditorAssemblies (369ms)
				LogAssemblyErrors (0ms)
				InitializePlatformSupportModulesInManaged (5ms)
				SetLoadedEditorAssemblies (0ms)
				RefreshPlugins (1ms)
				BeforeProcessingInitializeOnLoad (94ms)
				ProcessInitializeOnLoadAttributes (253ms)
				ProcessInitializeOnLoadMethodAttributes (4ms)
				AfterProcessingInitializeOnLoad (10ms)
				EditorAssembliesLoaded (0ms)
			ExecutionOrderSort2 (0ms)
			AwakeInstancesAfterBackupRestoration (6ms)
Platform modules already initialized, skipping
Refreshing native plugins compatible for Editor in 1.05 ms, found 2 plugins.
Preloading 0 native plugins for Editor in 0.00 ms.
Unloading 1414 Unused Serialized files (Serialized files now loaded: 0)
System memory in use before: 71.6 MB.
System memory in use after: 71.7 MB.

Unloading 14 unused Assets to reduce memory usage. Loaded Objects now: 1871.
Total: 2.551000 ms (FindLiveObjects: 0.133100 ms CreateObjectMapping: 0.037500 ms MarkObjects: 2.324000 ms  DeleteObjects: 0.055200 ms)

AssetImportParameters requested are different than current active one (requested -> active):
  custom:framework-win-MediaFoundation: 216162199b28c13a410421893ffa2e32 -> 
  custom:video-decoder-ogg-theora: a1e56fd34408186e4bbccfd4996cb3dc -> 
  custom:container-muxer-webm: aa71ff27fc2769a1b78a27578f13a17b -> 
  custom:container-demuxer-webm: 4f35f7cbe854078d1ac9338744f61a02 -> 
  custom:container-demuxer-ogg: 62fdf1f143b41e24485cea50d1cbac27 -> 
  custom:video-encoder-webm-vp8: eb34c28f22e8b96e1ab97ce403110664 -> 
  custom:video-decoder-webm-vp8: 9c59270c3fd7afecdb556c50c9e8de78 -> 
  custom:audio-decoder-ogg-vorbis: bf7c407c2cedff20999df2af8eb42d56 -> 
  custom:audio-encoder-webm-vorbis: bf7c407c2cedff20999df2af8eb42d56 -> 
========================================================================
Received Import Request.
  Time since last request: 1010.151540 seconds.
  path: Assets/Scripts/Backpack System/BuildableItem.cs
  artifactKey: Guid(b86329c343a8a8c4e94eb531a7c41396) Importer(815301076,1909f56bfc062723c751e8b465ee728b)
Start importing Assets/Scripts/Backpack System/BuildableItem.cs using Guid(b86329c343a8a8c4e94eb531a7c41396) Importer(815301076,1909f56bfc062723c751e8b465ee728b)  -> (artifact id: 'ff8ae0c2bcc935ccd6d2bcc08255955d') in 0.008626 seconds 
  Import took 0.013747 seconds .

========================================================================
Received Prepare
Registering precompiled user dll's ...
Registered in 0.006562 seconds.
Begin MonoManager ReloadAssembly
Native extension for WindowsStandalone target not found
Refreshing native plugins compatible for Editor in 1.41 ms, found 2 plugins.
Preloading 0 native plugins for Editor in 0.00 ms.
Mono: successfully reloaded assembly
- Completed reload, in  1.969 seconds
Domain Reload Profiling:
	ReloadAssembly (1969ms)
		BeginReloadAssembly (115ms)
			ExecutionOrderSort (0ms)
			DisableScriptedObjects (5ms)
			BackupInstance (0ms)
			ReleaseScriptingObjects (0ms)
			CreateAndSetChildDomain (32ms)
		EndReloadAssembly (1785ms)
			LoadAssemblies (98ms)
			RebuildTransferFunctionScriptingTraits (0ms)
			SetupTypeCache (422ms)
			ReleaseScriptCaches (1ms)
			RebuildScriptCaches (85ms)
			SetupLoadedEditorAssemblies (728ms)
				LogAssemblyErrors (0ms)
				InitializePlatformSupportModulesInManaged (9ms)
				SetLoadedEditorAssemblies (4ms)
				RefreshPlugins (2ms)
				BeforeProcessingInitializeOnLoad (422ms)
				ProcessInitializeOnLoadAttributes (278ms)
				ProcessInitializeOnLoadMethodAttributes (4ms)
				AfterProcessingInitializeOnLoad (8ms)
				EditorAssembliesLoaded (0ms)
			ExecutionOrderSort2 (0ms)
			AwakeInstancesAfterBackupRestoration (7ms)
Platform modules already initialized, skipping
Refreshing native plugins compatible for Editor in 1.33 ms, found 2 plugins.
Preloading 0 native plugins for Editor in 0.00 ms.
Unloading 1415 Unused Serialized files (Serialized files now loaded: 0)
System memory in use before: 71.7 MB.
System memory in use after: 71.7 MB.

Unloading 14 unused Assets to reduce memory usage. Loaded Objects now: 1875.
Total: 2.629100 ms (FindLiveObjects: 0.131200 ms CreateObjectMapping: 0.037700 ms MarkObjects: 2.388800 ms  DeleteObjects: 0.070300 ms)

AssetImportParameters requested are different than current active one (requested -> active):
  custom:framework-win-MediaFoundation: 216162199b28c13a410421893ffa2e32 -> 
  custom:video-decoder-ogg-theora: a1e56fd34408186e4bbccfd4996cb3dc -> 
  custom:container-muxer-webm: aa71ff27fc2769a1b78a27578f13a17b -> 
  custom:container-demuxer-webm: 4f35f7cbe854078d1ac9338744f61a02 -> 
  custom:container-demuxer-ogg: 62fdf1f143b41e24485cea50d1cbac27 -> 
  custom:video-encoder-webm-vp8: eb34c28f22e8b96e1ab97ce403110664 -> 
  custom:video-decoder-webm-vp8: 9c59270c3fd7afecdb556c50c9e8de78 -> 
  custom:audio-decoder-ogg-vorbis: bf7c407c2cedff20999df2af8eb42d56 -> 
  custom:audio-encoder-webm-vorbis: bf7c407c2cedff20999df2af8eb42d56 -> 
========================================================================
Received Import Request.
  Time since last request: 450.989392 seconds.
  path: Assets/Scripts/Backpack System/BuildableItem.cs
  artifactKey: Guid(b86329c343a8a8c4e94eb531a7c41396) Importer(815301076,1909f56bfc062723c751e8b465ee728b)
Start importing Assets/Scripts/Backpack System/BuildableItem.cs using Guid(b86329c343a8a8c4e94eb531a7c41396) Importer(815301076,1909f56bfc062723c751e8b465ee728b)  -> (artifact id: 'c9478f70703a9d8dfdeb8a39616863ad') in 0.015035 seconds 
  Import took 0.023657 seconds .

========================================================================
Received Import Request.
  Time since last request: 1907.401008 seconds.
  path: Assets/Scripts/Backpack System/BuildableItem.cs
  artifactKey: Guid(b86329c343a8a8c4e94eb531a7c41396) Importer(815301076,1909f56bfc062723c751e8b465ee728b)
Start importing Assets/Scripts/Backpack System/BuildableItem.cs using Guid(b86329c343a8a8c4e94eb531a7c41396) Importer(815301076,1909f56bfc062723c751e8b465ee728b)  -> (artifact id: '92109aea589f2425dcbe8ea46038cf60') in 0.006982 seconds 
  Import took 0.016375 seconds .

========================================================================
Received Import Request.
  Time since last request: 2103.269168 seconds.
  path: Assets/Scripts/Backpack System/BuildableItem.cs
  artifactKey: Guid(b86329c343a8a8c4e94eb531a7c41396) Importer(815301076,1909f56bfc062723c751e8b465ee728b)
Start importing Assets/Scripts/Backpack System/BuildableItem.cs using Guid(b86329c343a8a8c4e94eb531a7c41396) Importer(815301076,1909f56bfc062723c751e8b465ee728b)  -> (artifact id: '2e97d3beae8fdce1e18375436dcf110c') in 0.004564 seconds 
  Import took 0.011278 seconds .

========================================================================
Received Import Request.
  Time since last request: 15.745896 seconds.
  path: Assets/Scripts/OxygenSystem.cs
  artifactKey: Guid(b72b22df65918fc4182e9de671120cd6) Importer(815301076,1909f56bfc062723c751e8b465ee728b)
Start importing Assets/Scripts/OxygenSystem.cs using Guid(b72b22df65918fc4182e9de671120cd6) Importer(815301076,1909f56bfc062723c751e8b465ee728b)  -> (artifact id: '8bd1118f661672ae0342ade3c8c596ea') in 0.007150 seconds 
  Import took 0.012227 seconds .

========================================================================
Received Import Request.
  Time since last request: 686.286118 seconds.
  path: Assets/Scripts/OxygenSystem.cs
  artifactKey: Guid(b72b22df65918fc4182e9de671120cd6) Importer(815301076,1909f56bfc062723c751e8b465ee728b)
Start importing Assets/Scripts/OxygenSystem.cs using Guid(b72b22df65918fc4182e9de671120cd6) Importer(815301076,1909f56bfc062723c751e8b465ee728b)  -> (artifact id: '0c41300340308a5458039b6b71bef9c8') in 0.004722 seconds 
  Import took 0.009978 seconds .

========================================================================
Received Import Request.
  Time since last request: 11115.581183 seconds.
  path: Assets/Scripts/WaterSystem.cs
  artifactKey: Guid(7215ea654d0512c4fae80d98f2c8c54e) Importer(815301076,1909f56bfc062723c751e8b465ee728b)
Start importing Assets/Scripts/WaterSystem.cs using Guid(7215ea654d0512c4fae80d98f2c8c54e) Importer(815301076,1909f56bfc062723c751e8b465ee728b)  -> (artifact id: 'f7cfd39a46e36beb1d3cf05473c4c156') in 0.004197 seconds 
  Import took 0.045734 seconds .

========================================================================
Received Import Request.
  Time since last request: 934.616763 seconds.
  path: Assets/Scripts/WaterSystem.cs
  artifactKey: Guid(7215ea654d0512c4fae80d98f2c8c54e) Importer(815301076,1909f56bfc062723c751e8b465ee728b)
Start importing Assets/Scripts/WaterSystem.cs using Guid(7215ea654d0512c4fae80d98f2c8c54e) Importer(815301076,1909f56bfc062723c751e8b465ee728b)  -> (artifact id: '8c814997ef258d3741b9e5bc219fbd07') in 0.005145 seconds 
  Import took 0.010604 seconds .

========================================================================
Received Import Request.
  Time since last request: 12.114129 seconds.
  path: Assets/Scripts/Workshop.cs
  artifactKey: Guid(4dc3de8e4aac75743a4fb0ee7b89ebcc) Importer(815301076,1909f56bfc062723c751e8b465ee728b)
Start importing Assets/Scripts/Workshop.cs using Guid(4dc3de8e4aac75743a4fb0ee7b89ebcc) Importer(815301076,1909f56bfc062723c751e8b465ee728b)  -> (artifact id: '1051fbd708149b8097fac839db8e148f') in 0.005209 seconds 
  Import took 0.010692 seconds .

========================================================================
Received Import Request.
  Time since last request: 938.594151 seconds.
  path: Assets/Scripts/Workshop.cs
  artifactKey: Guid(4dc3de8e4aac75743a4fb0ee7b89ebcc) Importer(815301076,1909f56bfc062723c751e8b465ee728b)
Start importing Assets/Scripts/Workshop.cs using Guid(4dc3de8e4aac75743a4fb0ee7b89ebcc) Importer(815301076,1909f56bfc062723c751e8b465ee728b)  -> (artifact id: '4299c85ebe861980c75a5effb8a41cda') in 0.004993 seconds 
  Import took 0.011248 seconds .

========================================================================
Received Prepare
Registering precompiled user dll's ...
Registered in 0.005338 seconds.
Begin MonoManager ReloadAssembly
Native extension for WindowsStandalone target not found
Refreshing native plugins compatible for Editor in 1.44 ms, found 2 plugins.
Preloading 0 native plugins for Editor in 0.00 ms.
Mono: successfully reloaded assembly
- Completed reload, in  1.179 seconds
Domain Reload Profiling:
	ReloadAssembly (1182ms)
		BeginReloadAssembly (206ms)
			ExecutionOrderSort (0ms)
			DisableScriptedObjects (15ms)
			BackupInstance (0ms)
			ReleaseScriptingObjects (0ms)
			CreateAndSetChildDomain (87ms)
		EndReloadAssembly (904ms)
			LoadAssemblies (119ms)
			RebuildTransferFunctionScriptingTraits (0ms)
			SetupTypeCache (288ms)
			ReleaseScriptCaches (1ms)
			RebuildScriptCaches (42ms)
			SetupLoadedEditorAssemblies (361ms)
				LogAssemblyErrors (0ms)
				InitializePlatformSupportModulesInManaged (7ms)
				SetLoadedEditorAssemblies (1ms)
				RefreshPlugins (2ms)
				BeforeProcessingInitializeOnLoad (93ms)
				ProcessInitializeOnLoadAttributes (246ms)
				ProcessInitializeOnLoadMethodAttributes (4ms)
				AfterProcessingInitializeOnLoad (9ms)
				EditorAssembliesLoaded (0ms)
			ExecutionOrderSort2 (0ms)
			AwakeInstancesAfterBackupRestoration (7ms)
Platform modules already initialized, skipping
Refreshing native plugins compatible for Editor in 1.05 ms, found 2 plugins.
Preloading 0 native plugins for Editor in 0.00 ms.
Unloading 1416 Unused Serialized files (Serialized files now loaded: 0)
System memory in use before: 71.7 MB.
System memory in use after: 71.8 MB.

Unloading 14 unused Assets to reduce memory usage. Loaded Objects now: 1880.
Total: 3.437300 ms (FindLiveObjects: 0.130600 ms CreateObjectMapping: 0.037900 ms MarkObjects: 3.165300 ms  DeleteObjects: 0.102300 ms)

AssetImportParameters requested are different than current active one (requested -> active):
  custom:framework-win-MediaFoundation: 216162199b28c13a410421893ffa2e32 -> 
  custom:video-decoder-ogg-theora: a1e56fd34408186e4bbccfd4996cb3dc -> 
  custom:container-muxer-webm: aa71ff27fc2769a1b78a27578f13a17b -> 
  custom:container-demuxer-webm: 4f35f7cbe854078d1ac9338744f61a02 -> 
  custom:container-demuxer-ogg: 62fdf1f143b41e24485cea50d1cbac27 -> 
  custom:video-encoder-webm-vp8: eb34c28f22e8b96e1ab97ce403110664 -> 
  custom:video-decoder-webm-vp8: 9c59270c3fd7afecdb556c50c9e8de78 -> 
  custom:audio-decoder-ogg-vorbis: bf7c407c2cedff20999df2af8eb42d56 -> 
  custom:audio-encoder-webm-vorbis: bf7c407c2cedff20999df2af8eb42d56 -> 
========================================================================
Received Import Request.
  Time since last request: 1665.996373 seconds.
  path: Assets/UI/1制造.png
  artifactKey: Guid(d777cc90da0e65640ba2f71743d19622) Importer(815301076,1909f56bfc062723c751e8b465ee728b)
Start importing Assets/UI/1制造.png using Guid(d777cc90da0e65640ba2f71743d19622) Importer(815301076,1909f56bfc062723c751e8b465ee728b)  -> (artifact id: 'bcc68a176d0a3865b8d7060a36b7e79a') in 0.196609 seconds 
  Import took 0.201414 seconds .

========================================================================
Received Import Request.
  Time since last request: 0.000300 seconds.
  path: Assets/UI/1收集水.png
  artifactKey: Guid(d8387ef35e8e33f4889476763499579f) Importer(815301076,1909f56bfc062723c751e8b465ee728b)
Start importing Assets/UI/1收集水.png using Guid(d8387ef35e8e33f4889476763499579f) Importer(815301076,1909f56bfc062723c751e8b465ee728b)  -> (artifact id: '778fa27d18908300754d4db387ed525e') in 0.013003 seconds 
  Import took 0.016678 seconds .

========================================================================
Received Import Request.
  Time since last request: 0.000327 seconds.
  path: Assets/UI/1收集氧气 1.png
  artifactKey: Guid(d21f0adcde906ec4ebf37c47b2cde024) Importer(815301076,1909f56bfc062723c751e8b465ee728b)
Start importing Assets/UI/1收集氧气 1.png using Guid(d21f0adcde906ec4ebf37c47b2cde024) Importer(815301076,1909f56bfc062723c751e8b465ee728b)  -> (artifact id: '8833245e5a2b8ff06aa9aa2303990776') in 0.012810 seconds 
  Import took 0.017347 seconds .

========================================================================
Received Import Request.
  Time since last request: 0.000278 seconds.
  path: Assets/UI/1制造.png
  artifactKey: Guid(d777cc90da0e65640ba2f71743d19622) Importer(815301076,1909f56bfc062723c751e8b465ee728b)
Start importing Assets/UI/1制造.png using Guid(d777cc90da0e65640ba2f71743d19622) Importer(815301076,1909f56bfc062723c751e8b465ee728b)  -> (artifact id: 'bcc68a176d0a3865b8d7060a36b7e79a') in 0.011210 seconds 
  Import took 0.014220 seconds .

========================================================================
Received Import Request.
  Time since last request: 0.000355 seconds.
  path: Assets/UI/1探索 1.png
  artifactKey: Guid(75c91065ef824934887c9d48ec8dada3) Importer(815301076,1909f56bfc062723c751e8b465ee728b)
Start importing Assets/UI/1探索 1.png using Guid(75c91065ef824934887c9d48ec8dada3) Importer(815301076,1909f56bfc062723c751e8b465ee728b)  -> (artifact id: 'f994ab47f0195387e6c2afe1903744dd') in 0.016898 seconds 
  Import took 0.021700 seconds .

========================================================================
Received Import Request.
  Time since last request: 0.000317 seconds.
  path: Assets/UI/1收集水 1.png
  artifactKey: Guid(295d3ff8b801801498c8f65b8304f0a4) Importer(815301076,1909f56bfc062723c751e8b465ee728b)
Start importing Assets/UI/1收集水 1.png using Guid(295d3ff8b801801498c8f65b8304f0a4) Importer(815301076,1909f56bfc062723c751e8b465ee728b)  -> (artifact id: 'c15250690907a8b6c36ff29c57e2d103') in 0.013440 seconds 
  Import took 0.020059 seconds .

========================================================================
Received Import Request.
  Time since last request: 0.000318 seconds.
  path: Assets/UI/1制造 1.png
  artifactKey: Guid(4aad21ae3856b6c419ae264e1e6fb2d0) Importer(815301076,1909f56bfc062723c751e8b465ee728b)
Start importing Assets/UI/1制造 1.png using Guid(4aad21ae3856b6c419ae264e1e6fb2d0) Importer(815301076,1909f56bfc062723c751e8b465ee728b)  -> (artifact id: '4eece06153262eb001d7b32ad5981113') in 0.012977 seconds 
  Import took 0.017662 seconds .

========================================================================
Received Import Request.
  Time since last request: 0.000287 seconds.
  path: Assets/UI/1收集氧气.png
  artifactKey: Guid(50e5c52cd1aea854db2bc759c831b33d) Importer(815301076,1909f56bfc062723c751e8b465ee728b)
Start importing Assets/UI/1收集氧气.png using Guid(50e5c52cd1aea854db2bc759c831b33d) Importer(815301076,1909f56bfc062723c751e8b465ee728b)  -> (artifact id: '0109cc62ec2c82d1c3552d78ea3e317c') in 0.013546 seconds 
  Import took 0.017957 seconds .

========================================================================
Received Import Request.
  Time since last request: 0.000266 seconds.
  path: Assets/UI/1探索.png
  artifactKey: Guid(67c1faf8bf3bb6c4a9c523d3603e1351) Importer(815301076,1909f56bfc062723c751e8b465ee728b)
Start importing Assets/UI/1探索.png using Guid(67c1faf8bf3bb6c4a9c523d3603e1351) Importer(815301076,1909f56bfc062723c751e8b465ee728b)  -> (artifact id: 'a07cde608062e1909d5201a0507aa565') in 0.012412 seconds 
  Import took 0.016259 seconds .

========================================================================
Received Import Request.
  Time since last request: 1.011889 seconds.
  path: Assets/UI/1放置梯子.png
  artifactKey: Guid(edf2acdb6f4eadf469e23b9c77717e28) Importer(815301076,1909f56bfc062723c751e8b465ee728b)
Start importing Assets/UI/1放置梯子.png using Guid(edf2acdb6f4eadf469e23b9c77717e28) Importer(815301076,1909f56bfc062723c751e8b465ee728b)  -> (artifact id: '1f15daacb9d93d41e3ef0a3cccac8811') in 0.016850 seconds 
  Import took 0.020980 seconds .

========================================================================
Received Import Request.
  Time since last request: 0.000317 seconds.
  path: Assets/UI/1放置梯子 1.png
  artifactKey: Guid(52af4b3b153eef149a3691a1e864ebae) Importer(815301076,1909f56bfc062723c751e8b465ee728b)
Start importing Assets/UI/1放置梯子 1.png using Guid(52af4b3b153eef149a3691a1e864ebae) Importer(815301076,1909f56bfc062723c751e8b465ee728b)  -> (artifact id: 'daad8d7e823fb50d9ed76f08c0ce3ce6') in 0.015516 seconds 
  Import took 0.018431 seconds .

========================================================================
Received Import Request.
  Time since last request: 0.267518 seconds.
  path: Assets/UI/1浇水.png
  artifactKey: Guid(514bb8b2282805b429298e3d68ede3fe) Importer(815301076,1909f56bfc062723c751e8b465ee728b)
Start importing Assets/UI/1浇水.png using Guid(514bb8b2282805b429298e3d68ede3fe) Importer(815301076,1909f56bfc062723c751e8b465ee728b)  -> (artifact id: 'bc6b2bae20d6a8eef36d0d46ac393c44') in 0.016365 seconds 
  Import took 0.021703 seconds .

========================================================================
Received Import Request.
  Time since last request: 0.000289 seconds.
  path: Assets/UI/1浇水 1.png
  artifactKey: Guid(7668e0276a7ec04498f126daf2f8cbed) Importer(815301076,1909f56bfc062723c751e8b465ee728b)
Start importing Assets/UI/1浇水 1.png using Guid(7668e0276a7ec04498f126daf2f8cbed) Importer(815301076,1909f56bfc062723c751e8b465ee728b)  -> (artifact id: '87e6c576d01351626ae5bb66fc7ee0a9') in 0.015117 seconds 
  Import took 0.018003 seconds .

========================================================================
Received Import Request.
  Time since last request: 0.598011 seconds.
  path: Assets/UI/2基地.png
  artifactKey: Guid(62a0bf265aa36144e9231e2399d9d7cd) Importer(815301076,1909f56bfc062723c751e8b465ee728b)
Start importing Assets/UI/2基地.png using Guid(62a0bf265aa36144e9231e2399d9d7cd) Importer(815301076,1909f56bfc062723c751e8b465ee728b)  -> (artifact id: 'ecd557e614aca7411302da7b57e3aa98') in 0.016637 seconds 
  Import took 0.020915 seconds .

========================================================================
Received Import Request.
  Time since last request: 0.000316 seconds.
  path: Assets/UI/2基地 1.png
  artifactKey: Guid(55211a5ef04a80d47ab5d70f2ede6398) Importer(815301076,1909f56bfc062723c751e8b465ee728b)
Start importing Assets/UI/2基地 1.png using Guid(55211a5ef04a80d47ab5d70f2ede6398) Importer(815301076,1909f56bfc062723c751e8b465ee728b)  -> (artifact id: '2d306c848165d23d24fcd4d037452911') in 0.018128 seconds 
  Import took 0.022264 seconds .

========================================================================
Received Import Request.
  Time since last request: 0.236068 seconds.
  path: Assets/UI/2求救信号.png
  artifactKey: Guid(324edde2382a3b24186d2db1325184e2) Importer(815301076,1909f56bfc062723c751e8b465ee728b)
Start importing Assets/UI/2求救信号.png using Guid(324edde2382a3b24186d2db1325184e2) Importer(815301076,1909f56bfc062723c751e8b465ee728b)  -> (artifact id: '4d4f9776174e4a19cb2d406de30e12a3') in 0.016336 seconds 
  Import took 0.020739 seconds .

========================================================================
Received Import Request.
  Time since last request: 0.000379 seconds.
  path: Assets/UI/2求救信号 1.png
  artifactKey: Guid(7344356f9aff31448aa059c2b86ea579) Importer(815301076,1909f56bfc062723c751e8b465ee728b)
Start importing Assets/UI/2求救信号 1.png using Guid(7344356f9aff31448aa059c2b86ea579) Importer(815301076,1909f56bfc062723c751e8b465ee728b)  -> (artifact id: 'dda85d6998f473f5f595724c32635046') in 0.016962 seconds 
  Import took 0.019911 seconds .

========================================================================
Received Import Request.
  Time since last request: 10.699464 seconds.
  path: Assets/UI/2种子库.png
  artifactKey: Guid(3fb596bdd90648d4a89e64653673945a) Importer(815301076,1909f56bfc062723c751e8b465ee728b)
Start importing Assets/UI/2种子库.png using Guid(3fb596bdd90648d4a89e64653673945a) Importer(815301076,1909f56bfc062723c751e8b465ee728b)  -> (artifact id: '17acc1967347342a9b57e273f593186f') in 0.015297 seconds 
  Import took 0.019187 seconds .

========================================================================
Received Import Request.
  Time since last request: 0.000321 seconds.
  path: Assets/UI/2种子库 1.png
  artifactKey: Guid(8663d63a4673784409ac9efdef025af2) Importer(815301076,1909f56bfc062723c751e8b465ee728b)
Start importing Assets/UI/2种子库 1.png using Guid(8663d63a4673784409ac9efdef025af2) Importer(815301076,1909f56bfc062723c751e8b465ee728b)  -> (artifact id: '5cbb97baec003320e9fa17c0eefea969') in 0.015875 seconds 
  Import took 0.019577 seconds .

========================================================================
Received Import Request.
  Time since last request: 0.561564 seconds.
  path: Assets/UI/a.png
  artifactKey: Guid(e7c9b875a880a2645a45bf4c401ef328) Importer(815301076,1909f56bfc062723c751e8b465ee728b)
Start importing Assets/UI/a.png using Guid(e7c9b875a880a2645a45bf4c401ef328) Importer(815301076,1909f56bfc062723c751e8b465ee728b)  -> (artifact id: '781437ef9f2a52e045b1025876a03fb0') in 0.026095 seconds 
  Import took 0.031164 seconds .

========================================================================
Received Import Request.
  Time since last request: 0.000352 seconds.
  path: Assets/UI/button.png
  artifactKey: Guid(dab20f455943a684c923f2cf7d3208bb) Importer(815301076,1909f56bfc062723c751e8b465ee728b)
Start importing Assets/UI/button.png using Guid(dab20f455943a684c923f2cf7d3208bb) Importer(815301076,1909f56bfc062723c751e8b465ee728b)  -> (artifact id: '4740fa587a39ba99d7e6a876d0bf9659') in 0.028411 seconds 
  Import took 0.031436 seconds .

========================================================================
Received Import Request.
  Time since last request: 0.043799 seconds.
  path: Assets/UI/covercut.png
  artifactKey: Guid(683bd47fb9ebf0b4eb9079bc5f698401) Importer(815301076,1909f56bfc062723c751e8b465ee728b)
Start importing Assets/UI/covercut.png using Guid(683bd47fb9ebf0b4eb9079bc5f698401) Importer(815301076,1909f56bfc062723c751e8b465ee728b)  -> (artifact id: '6dcb364a87961081f003c667c759e2fb') in 0.047754 seconds 
  Import took 0.052125 seconds .

========================================================================
Received Import Request.
  Time since last request: 0.000541 seconds.
  path: Assets/UI/minimap.png
  artifactKey: Guid(eb8de95d99912654ea8833186c5367c6) Importer(815301076,1909f56bfc062723c751e8b465ee728b)
Start importing Assets/UI/minimap.png using Guid(eb8de95d99912654ea8833186c5367c6) Importer(815301076,1909f56bfc062723c751e8b465ee728b)  -> (artifact id: 'd5de8f8f1d4539109cd45926f1a6e3c0') in 0.024461 seconds 
  Import took 0.028295 seconds .

========================================================================
Received Import Request.
  Time since last request: 0.000278 seconds.
  path: Assets/UI/covercut.png
  artifactKey: Guid(683bd47fb9ebf0b4eb9079bc5f698401) Importer(815301076,1909f56bfc062723c751e8b465ee728b)
Start importing Assets/UI/covercut.png using Guid(683bd47fb9ebf0b4eb9079bc5f698401) Importer(815301076,1909f56bfc062723c751e8b465ee728b)  -> (artifact id: '6dcb364a87961081f003c667c759e2fb') in 0.020619 seconds 
  Import took 0.023481 seconds .

========================================================================
Received Import Request.
  Time since last request: 16.883397 seconds.
  path: Assets/UI/OxygenSlider.png
  artifactKey: Guid(a0c0d47a8367b604cb7d88098c33b969) Importer(815301076,1909f56bfc062723c751e8b465ee728b)
Start importing Assets/UI/OxygenSlider.png using Guid(a0c0d47a8367b604cb7d88098c33b969) Importer(815301076,1909f56bfc062723c751e8b465ee728b)  -> (artifact id: 'dc55a77cde5ab6a7baa141a93f2b26c7') in 0.032358 seconds 
  Import took 0.036309 seconds .

========================================================================
Received Import Request.
  Time since last request: 0.000440 seconds.
  path: Assets/UI/start_bg.jpg
  artifactKey: Guid(c48bd627bd0edba41a7007525eece78a) Importer(815301076,1909f56bfc062723c751e8b465ee728b)
Start importing Assets/UI/start_bg.jpg using Guid(c48bd627bd0edba41a7007525eece78a) Importer(815301076,1909f56bfc062723c751e8b465ee728b)  -> (artifact id: '178b3c5c9f325491e0537a151a2acd92') in 0.021272 seconds 
  Import took 0.024612 seconds .

========================================================================
Received Import Request.
  Time since last request: 0.049249 seconds.
  path: Assets/UI/start_bg2.jpg
  artifactKey: Guid(e4a76c6324e8cc547ac6a4863bd5c44f) Importer(815301076,1909f56bfc062723c751e8b465ee728b)
Start importing Assets/UI/start_bg2.jpg using Guid(e4a76c6324e8cc547ac6a4863bd5c44f) Importer(815301076,1909f56bfc062723c751e8b465ee728b)  -> (artifact id: '5583c3963eabcd871ad56e5d81d73ade') in 0.026514 seconds 
  Import took 0.031551 seconds .

========================================================================
Received Import Request.
  Time since last request: 0.000457 seconds.
  path: Assets/UI/title.png
  artifactKey: Guid(c9f9bd7c4723032468fbfc762511d8c8) Importer(815301076,1909f56bfc062723c751e8b465ee728b)
Start importing Assets/UI/title.png using Guid(c9f9bd7c4723032468fbfc762511d8c8) Importer(815301076,1909f56bfc062723c751e8b465ee728b)  -> (artifact id: 'dab86d282f4e7dee9f5241c21497d901') in 0.027582 seconds 
  Import took 0.031003 seconds .

